8 60
9 33
1 504
1 761
10 89
1 830
5 23
3 63
8 52
10 17
1 335
7 58
10 11
1 909
5 66
4 65
4 99
7 20
1 901
6 33
8 91
5 40
1 303
4 26
1 483
4 62
10 40
1 315
3 97
3 93
1 982
1 695
4 9
10 88
3 77
1 793
7 71
4 94
2 15
9 78
1 2
10 33
2 32
2 56
9 41
3 67
3 61
1 389
9 50
7 25
7 12
1 60
1 666
8 53
3 20
1 315
1 435
1 490
1 679
5 97
9 35
4 17
1 877
2 12
4 56
1 876
1 984
2 65
10 81
10 85
1 623
6 64
1 960
2 5
4 14
1 41
3 97
3 8
3 67
1 333
1 621
9 32
4 23
6 90
1 625
1 262
9 9
6 89
5 9
1 270
8 55
1 825
1 19
1 20
8 67
7 62
1 687
6 68
7 91
1 873
7 15
1 27
7 51
4 54
1 43
9 35
2 62
1 827
10 98
2 82
3 48
10 99
10 54
1 848
10 83
1 399
3 33
4 46
3 58
1 174
2 72
1 952
1 913
10 39
2 90
4 90
3 20
1 805
1 237
9 20
5 8
4 41
4 41
1 15
10 82
1 623
8 74
1 505
4 4
1 766
1 48
1 857
1 62
8 79
4 68
8 13
3 16
4 23
9 68
10 38
1 624
9 72
1 74
2 38
6 88
1 104
3 56
6 41
9 85
4 60
10 86
1 235
6 76
5 5
1 922
7 79
2 30
6 86
1 789
7 72
1 22
1 780
2 97
10 94
1 182
1 63
3 67
2 8
1 54
5 50
6 76
8 78
4 59
1 715
1 431
9 29
1 73
1 80
1 16
3 69
8 10
5 19
6 53
1 38
3 19
1 468
9 27
1 229
9 45
3 76
8 85
10 58
4 91
10 98
1 509
6 83
1 705
1 108
10 52
1 78
3 9
5 52
7 72
1 586
2 44
1 989
1 306
9 57
4 75
10 17
7 49
1 130
9 14
1 17
6 39
5 51
5 19
4 22
3 26
1 818
8 46
6 86
1 94
1 100
7 57
2 3
6 14
3 77
6 47
1 557
4 96
5 13
1 550
7 63
6 72
1 936
1 730
4 37
4 41
1 651
10 24
4 32
5 83
7 47
1 55
9 25
5 71
7 9
6 19
1 35
5 14
8 28
9 22
3 65
3 33
1 100
7 95
8 63
10 73
1 6
4 10
1 967
6 15
10 36
2 27
6 99
2 10
1 402
1 802
1 848
4 42
1 767
8 87
1 767
1 221
9 84
8 65
4 59
2 80
7 66
4 19
1 551
7 9
8 29
8 55
1 81
5 99
6 44
1 10
3 64
1 767
3 58
3 53
8 57
3 65
8 99
7 69
1 857
1 618
8 71
8 97
1 58
8 15
4 78
4 41
1 735
1 717
7 68
3 33
8 53
4 75
1 215
5 37
10 26
1 206
6 84
1 294
8 16
1 514
1 717
1 871
1 817
1 928
1 560
9 49
4 30
6 8
1 139
1 163
1 810
4 24
3 34
1 700
7 72
3 31
3 100
7 88
1 69
3 83
7 18
1 68
5 61
10 56
1 881
6 61
1 803
1 5
8 75
9 42
6 86
1 176
4 39
1 203
5 90
3 45
5 23
1 228
8 83
7 58
7 74
1 683
1 9
6 52
1 154
1 3
1 843
1 320
6 26
1 242
7 41
4 33
10 24
1 186
1 886
1 823
10 77
1 708
1 501
1 68
2 4
1 403
6 27
4 70
1 90
10 41
1 410
1 148
2 62
1 8
9 32
1 320
6 24
1 918
8 89
1 72
2 86
1 4
9 93
1 452
9 16
7 12
10 48
4 8
1 72
4 97
10 87
1 39
4 67
1 3
1 27
5 25
8 61
1 361
1 35
8 59
10 82
6 52
5 10
8 35
8 15
7 43
1 30
1 802
1 288
1 495
3 4
1 885
7 9
9 34
1 720
1 268
9 72
6 64
9 78
1 396
6 62
10 37
1 376
7 46
8 45
3 65
2 2
8 78
1 138
5 41
6 9
1 41
5 6
6 88
8 96
4 91
8 33
1 995
1 938
1 680
1 580
9 95
5 91
4 85
10 59
4 39
1 897
5 50
10 34
1 2
1 453
9 66
6 36
1 332
1 174
5 45
1 975
2 78
4 47
3 7
1 94
1 517
5 19
1 212
2 76
9 55
3 8
5 64
6 93
1 90
9 67
1 268
1 3
6 78
1 883
4 58
8 22
2 60
6 43
1 296
2 75
1 68
6 100
3 8
9 42
5 98
1 356
1 49
1 210
1 632
1 486
6 12
5 40
1 873
1 888
1 664
6 61
8 41
2 54
1 67
1 22
10 25
1 258
1 399
1 489
2 25
4 56
1 699
1 19
3 95
1 43
1 92
4 79
2 98
10 84
1 864
7 59
6 7
1 572
2 50
8 52
10 72
3 33
2 64
3 54
1 33
1 280
8 91
1 651
1 74
1 54
6 15
1 680
4 7
1 380
1 130
9 62
4 49
6 93
10 52
1 651
6 79
8 63
8 28
1 317
1 646
7 90
8 22
1 594
1 791
8 68
1 240
9 9
4 78
3 6
1 133
1 315
9 26
6 76
4 59
2 4
2 88
2 95
2 25
10 35
9 48
1 517
1 4
1 92
1 690
8 17
1 704
8 31
9 47
4 31
1 240
1 792
10 54
8 82
1 977
1 47
7 26
9 59
1 674
1 520
10 93
6 83
1 173
7 74
1 249
2 94
1 353
2 57
1 492
1 97
1 895
1 43
2 10
1 663
10 86
4 10
9 11
1 96
8 57
4 84
10 78
5 70
1 62
9 78
9 9
7 83
5 98
7 75
5 99
3 91
1 5
6 30
9 70
3 89
10 34
1 42
3 54
6 22
9 14
1 4
5 32
9 66
3 31
1 921
1 188
2 33
4 82
1 682
7 34
1 80
1 586
8 73
6 62
1 22
7 10
2 73
10 89
1 272
1 221
6 82
1 734
4 39
2 85
1 875
1 345
1 793
1 482
1 24
1 950
1 628
10 61
1 110
3 11
1 30
1 20
1 60
1 273
3 19
7 59
7 32
6 44
5 10
10 30
1 322
1 380
2 97
6 17
7 10
1 286
8 91
1 25
2 42
8 38
3 90
1 911
4 100
10 30
1 823
10 75
1 931
1 562
8 88
8 14
5 73
1 908
9 74
3 33
1 930
1 337
6 56
7 98
9 33
4 60
1 900
3 51
6 24
7 17
8 96
4 88
1 575
10 54
1 727
7 52
1 240
7 46
6 8
1 839
6 9
6 81
8 64
7 95
1 406
4 10
2 78
1 518
3 75
1 585
5 8
1 244
1 954
6 71
3 86
7 59
2 56
3 85
3 84
3 69
1 688
7 37
4 63
1 410
10 15
9 33
1 346
1 135
7 90
9 71
1 368
1 449
1 44
7 93
9 42
1 7
1 897
4 4
8 60
6 46
1 462
6 27
3 64
6 90
9 27
2 79
1 780
2 81
2 69
1 9
2 82
7 86
7 50
1 421
6 49
4 4
1 539
3 4
5 49
1 279
5 92
9 16
1 8
1 817
1 78
3 42
1 78
1 781
8 28
9 47
1 413
4 30
1 470
1 34
1 406
1 50
5 23
10 61
6 76
1 96
1 406
1 944
6 10
1 761
9 30
1 99
1 7
1 5
2 12
4 4
7 87
1 628
10 45
8 94
1 954
8 71
2 33
9 46
1 47
4 95
6 46
1 61
8 82
1 358
1 299
4 55
1 851
1 640
1 542
2 7
1 78
10 39
6 14
6 14
1 724
1 424
10 33
8 31
8 37
1 410
1 131
4 13
1 994
1 34
3 83
3 67
9 89
8 82
6 99
3 70
6 70
1 21
1 713
3 9
5 60
1 858
9 60
5 43
3 91
3 6
1 481
1 918
1 31
1 898
1 601
1 3
3 37
7 65
1 643
7 94
4 31
9 50
2 74
2 75
4 30
6 87
5 38
2 10
2 58
2 6
1 762
10 50
1 382
1 188
6 73
4 64
1 312
1 846
1 807
5 90
7 15
1 814
1 2
1 63
9 79
3 40
3 13
8 70
1 315
6 49
9 56
3 4
1 738
1 760
5 43
3 33
2 44
1 569
6 37
2 39
1 643
4 36
1 166
1 80
6 14
9 17
1 167
1 464
1 42
4 37
4 76
1 494
6 65
6 28
1 64
4 88
9 16
2 81
1 345
9 72
6 34
6 18
8 72
1 59
1 383
9 23
1 522
9 11
1 296
4 52
8 59
5 10
1 82
1 692
1 536
1 720
1 53
1 904
4 51
10 22
1 21
5 40
7 74
1 41
10 23
5 51
1 886
4 6
1 932
1 977
5 20
3 33
10 83
10 28
1 580
2 72
6 74
1 521
1 4
1 859
1 32
5 28
1 981
1 645
1 565
1 296
10 64
1 657
5 89
1 868
3 96
5 87
5 93
